<?xml version="1.0" encoding="UTF-8"?>
<testsuite name="decryptertest.DecryptTest" tests="1" skipped="0" failures="0" errors="0" timestamp="2021-11-30T05:26:13" hostname="Samis-MacBook-Pro.local" time="0.004">
  <properties/>
  <testcase name="encryptedDataIsDecryptedCorrectly" classname="decryptertest.DecryptTest" time="0.004"/>
  <system-out><![CDATA[]]></system-out>
  <system-err><![CDATA[]]></system-err>
</testsuite>
