<?xml version="1.0" encoding="UTF-8"?>
<testsuite name="encryptertest.EcnryptTest" tests="1" skipped="0" failures="0" errors="0" timestamp="2021-11-30T05:14:17" hostname="Samis-MacBook-Pro.local" time="0.0">
  <properties/>
  <testcase name="encrypterWorksWithReadyMadeKey" classname="encryptertest.EcnryptTest" time="0.0"/>
  <system-out><![CDATA[]]></system-out>
  <system-err><![CDATA[]]></system-err>
</testsuite>
