<?xml version="1.0" encoding="UTF-8"?>
<testsuite name="decryptertest.DecryptTest" tests="1" skipped="0" failures="0" errors="0" timestamp="2021-11-30T05:14:17" hostname="Samis-MacBook-Pro.local" time="0.003">
  <properties/>
  <testcase name="encryptedDataIsDecryptedCorrectly" classname="decryptertest.DecryptTest" time="0.003"/>
  <system-out><![CDATA[]]></system-out>
  <system-err><![CDATA[]]></system-err>
</testsuite>
