<?xml version="1.0" encoding="UTF-8"?>
<testsuite name="keygeneratortest.KeyGeneratorTest" tests="3" skipped="0" failures="0" errors="0" timestamp="2021-11-30T05:24:03" hostname="Samis-MacBook-Pro.local" time="129.264">
  <properties/>
  <testcase name="keyGeneratorProducesPublicAndPrivateKeys" classname="keygeneratortest.KeyGeneratorTest" time="9.368"/>
  <testcase name="keyGeneratorIsCreated" classname="keygeneratortest.KeyGeneratorTest" time="22.384"/>
  <testcase name="keyGeneratorCreatesKeysThatAreKeysToEachOther" classname="keygeneratortest.KeyGeneratorTest" time="97.512"/>
  <system-out><![CDATA[Key n created
Key e created
Key d created
Key n created
Key e created
Key d created
Key n created
Key e created
Key d created
]]></system-out>
  <system-err><![CDATA[]]></system-err>
</testsuite>
