<?xml version="1.0" encoding="UTF-8"?>
<testsuite name="keygeneratortest.KeyGeneratorTest" tests="4" skipped="0" failures="0" errors="0" timestamp="2022-01-03T03:14:57" hostname="Samis-MacBook-Pro.local" time="50.465">
  <properties/>
  <testcase name="keyGeneratorSetsPublicKeyCorrectly" classname="keygeneratortest.KeyGeneratorTest" time="17.359"/>
  <testcase name="keyGeneratorCreatesKeysThatAreKeysToEachOther" classname="keygeneratortest.KeyGeneratorTest" time="1.816"/>
  <testcase name="keyGeneratorSetsPrivateKeyCorrectly" classname="keygeneratortest.KeyGeneratorTest" time="1.911"/>
  <testcase name="keyGeneratorCreatesKeysProbablePrimes" classname="keygeneratortest.KeyGeneratorTest" time="29.378"/>
  <system-out><![CDATA[Modulus n created...
Public key e created...
Private key d created...
Modulus n created...
Public key e created...
Private key d created...
Modulus n created...
Public key e created...
Private key d created...
Modulus n created...
Public key e created...
Private key d created...
]]></system-out>
  <system-err><![CDATA[]]></system-err>
</testsuite>
