<?xml version="1.0" encoding="UTF-8"?>
<testsuite name="keygeneratortest.KeyGeneratorTest" tests="4" skipped="0" failures="0" errors="0" timestamp="2021-12-22T05:22:17" hostname="Samis-MacBook-Pro.local" time="91.722">
  <properties/>
  <testcase name="extendedEuclideanAlgorithmWorks" classname="keygeneratortest.KeyGeneratorTest" time="27.533"/>
  <testcase name="keyGeneratorCreatesKeysThatAreKeysToEachOther" classname="keygeneratortest.KeyGeneratorTest" time="36.679"/>
  <testcase name="keyGeneratorCreatesKeysProbablePrimes" classname="keygeneratortest.KeyGeneratorTest" time="13.134"/>
  <testcase name="keyGeneratorSetsKeysCorrectly" classname="keygeneratortest.KeyGeneratorTest" time="14.376"/>
  <system-out><![CDATA[Modulus n created...
Public key e created...
Private key d created...
Modulus n created...
Public key e created...
Private key d created...
Modulus n created...
Public key e created...
Private key d created...
Modulus n created...
Public key e created...
Private key d created...
]]></system-out>
  <system-err><![CDATA[]]></system-err>
</testsuite>
