<?xml version="1.0" encoding="UTF-8"?>
<testsuite name="keygeneratortest.KeyGeneratorTest" tests="1" skipped="0" failures="0" errors="0" timestamp="2021-11-30T02:28:21" hostname="Samis-MacBook-Pro.local" time="0.004">
  <properties/>
  <testcase name="hello" classname="keygeneratortest.KeyGeneratorTest" time="0.004"/>
  <system-out><![CDATA[]]></system-out>
  <system-err><![CDATA[]]></system-err>
</testsuite>
