<?xml version="1.0" encoding="UTF-8"?>
<testsuite name="encryptertest.EnryptTest" tests="1" skipped="0" failures="0" errors="0" timestamp="2022-01-03T03:15:48" hostname="Samis-MacBook-Pro.local" time="0.0">
  <properties/>
  <testcase name="plainNumberEncryptedCorrectly" classname="encryptertest.EnryptTest" time="0.0"/>
  <system-out><![CDATA[]]></system-out>
  <system-err><![CDATA[]]></system-err>
</testsuite>
