<?xml version="1.0" encoding="UTF-8"?>
<testsuite name="keygeneratortest.KeyGeneratorTest" tests="3" skipped="0" failures="0" errors="0" timestamp="2021-12-22T07:41:21" hostname="Samis-MacBook-Pro.local" time="63.99">
  <properties/>
  <testcase name="keyGeneratorSetsPublicKeyCorrectly" classname="keygeneratortest.KeyGeneratorTest" time="33.447"/>
  <testcase name="keyGeneratorCreatesKeysThatAreKeysToEachOther" classname="keygeneratortest.KeyGeneratorTest" time="6.919"/>
  <testcase name="keyGeneratorCreatesKeysProbablePrimes" classname="keygeneratortest.KeyGeneratorTest" time="23.624"/>
  <system-out><![CDATA[Modulus n created...
Public key e created...
Private key d created...
Modulus n created...
Public key e created...
Private key d created...
Modulus n created...
Public key e created...
Private key d created...
]]></system-out>
  <system-err><![CDATA[]]></system-err>
</testsuite>
