<?xml version="1.0" encoding="UTF-8"?>
<testsuite name="textpaddingtest.TextPaddingTest" tests="2" skipped="0" failures="0" errors="0" timestamp="2022-01-03T03:15:48" hostname="Samis-MacBook-Pro.local" time="0.001">
  <properties/>
  <testcase name="cipherConvertsToTextCorrectly" classname="textpaddingtest.TextPaddingTest" time="0.0"/>
  <testcase name="textConvertsToCipherCorrectly" classname="textpaddingtest.TextPaddingTest" time="0.001"/>
  <system-out><![CDATA[]]></system-out>
  <system-err><![CDATA[]]></system-err>
</testsuite>
