<?xml version="1.0" encoding="UTF-8"?>
<testsuite name="encryptertest.EcnryptTest" tests="1" skipped="0" failures="0" errors="0" timestamp="2021-11-30T05:26:13" hostname="Samis-MacBook-Pro.local" time="0.001">
  <properties/>
  <testcase name="encrypterWorksWithReadyMadeKey" classname="encryptertest.EcnryptTest" time="0.001"/>
  <system-out><![CDATA[]]></system-out>
  <system-err><![CDATA[]]></system-err>
</testsuite>
